\BOOKMARK [1][-]{section.1}{Introduction}{}% 1
\BOOKMARK [2][-]{subsection.1.1}{Formulation du probl\350me}{section.1}% 2
\BOOKMARK [2][-]{subsection.1.2}{Point Historique}{section.1}% 3
\BOOKMARK [3][-]{subsubsection.1.2.1}{Les origines de l'interpolation}{subsection.1.2}% 4
\BOOKMARK [3][-]{subsubsection.1.2.2}{L'interpolation par splines}{subsection.1.2}% 5
\BOOKMARK [1][-]{section.2}{Courbes de B\351zier}{}% 6
\BOOKMARK [2][-]{subsection.2.1}{Contexte}{section.2}% 7
\BOOKMARK [2][-]{subsection.2.2}{Formulation du probl\350me}{section.2}% 8
\BOOKMARK [2][-]{subsection.2.3}{Partie Math\351matique}{section.2}% 9
\BOOKMARK [1][-]{section.3}{Splines cubiques}{}% 10
\BOOKMARK [2][-]{subsection.3.1}{Contexte}{section.3}% 11
\BOOKMARK [2][-]{subsection.3.2}{R\351solution math\351matique}{section.3}% 12
\BOOKMARK [2][-]{subsection.3.3}{M\351thode de calcul}{section.3}% 13
\BOOKMARK [2][-]{subsection.3.4}{Exemple de calcul d'une fonction spline cubique}{section.3}% 14
\BOOKMARK [2][-]{subsection.3.5}{Pr\351sentation de l'outil informatique}{section.3}% 15
\BOOKMARK [3][-]{subsubsection.3.5.1}{Analyse descendante}{subsection.3.5}% 16
\BOOKMARK [3][-]{subsubsection.3.5.2}{Pr\351sentation du contenu du programme}{subsection.3.5}% 17
\BOOKMARK [1][-]{section.4}{B-splines}{}% 18
\BOOKMARK [2][-]{subsection.4.1}{Contexte}{section.4}% 19
\BOOKMARK [2][-]{subsection.4.2}{Les bases des B-splines}{section.4}% 20
\BOOKMARK [2][-]{subsection.4.3}{Courbe de degr\351e 3 \(k=3\)}{section.4}% 21
\BOOKMARK [2][-]{subsection.4.4}{Contr\364le local}{section.4}% 22
\BOOKMARK [2][-]{subsection.4.5}{Autres propri\351t\351s}{section.4}% 23
\BOOKMARK [2][-]{subsection.4.6}{Pr\351sentation de l'outil informatique}{section.4}% 24
\BOOKMARK [1][-]{section.5}{Avantages et inconv\351nients}{}% 25
\BOOKMARK [2][-]{subsection.5.1}{Courbes de B\351zier : avantages et inconv\351nients}{section.5}% 26
\BOOKMARK [2][-]{subsection.5.2}{Splines cubiques : avantages et inconv\351nients}{section.5}% 27
\BOOKMARK [2][-]{subsection.5.3}{B-splines : avantages et inconv\351nients}{section.5}% 28
\BOOKMARK [1][-]{section.6}{Exemples de fonctions}{}% 29
\BOOKMARK [2][-]{subsection.6.1}{Fonction de Runge}{section.6}% 30
\BOOKMARK [3][-]{subsubsection.6.1.1}{Introduction}{subsection.6.1}% 31
\BOOKMARK [3][-]{subsubsection.6.1.2}{Exemple}{subsection.6.1}% 32
\BOOKMARK [2][-]{subsection.6.2}{Fonction Cosinus}{section.6}% 33
\BOOKMARK [2][-]{subsection.6.3}{Fonction Exponentielle}{section.6}% 34
\BOOKMARK [1][-]{section.7}{Applications des splines cubiques}{}% 35
\BOOKMARK [2][-]{subsection.7.1}{Les splines dans la typographie et les logiciels de dessin}{section.7}% 36
\BOOKMARK [2][-]{subsection.7.2}{Les splines dans les transports : l'a\351ronautique et l'automobile}{section.7}% 37
\BOOKMARK [2][-]{subsection.7.3}{Les splines en chimie}{section.7}% 38
\BOOKMARK [2][-]{subsection.7.4}{Les splines et l'imagerie m\351dicale}{section.7}% 39
\BOOKMARK [2][-]{subsection.7.5}{Application de splines : le Taj Mahal}{section.7}% 40
\BOOKMARK [1][-]{section.8}{Conclusion}{}% 41
\BOOKMARK [1][-]{section.9}{Cr\351dits d'illustration}{}% 42
\BOOKMARK [1][-]{section.10}{Bibliograpie}{}% 43
