\BOOKMARK [1][-]{section.1}{\311tude bibliographique sur le mod\350le}{}% 1
\BOOKMARK [2][-]{subsection.1.1}{Pr\351sentation}{section.1}% 2
\BOOKMARK [2][-]{subsection.1.2}{Origine}{section.1}% 3
\BOOKMARK [2][-]{subsection.1.3}{Fonctionnement}{section.1}% 4
\BOOKMARK [1][-]{section.2}{\311tude bibliographique sur l'application}{}% 5
\BOOKMARK [1][-]{section.3}{Pr\351sentation du jeu de donn\351es choisi ou construit}{}% 6
\BOOKMARK [2][-]{subsection.3.1}{Vid\351o 1 : singleball.mp4}{section.3}% 7
\BOOKMARK [2][-]{subsection.3.2}{Vid\351o 2 : singleballhomemade.mp4}{section.3}% 8
\BOOKMARK [1][-]{section.4}{Explication de l'impl\351mentation}{}% 9
\BOOKMARK [2][-]{subsection.4.1}{Traitement d'image}{section.4}% 10
\BOOKMARK [2][-]{subsection.4.2}{Filtre de Kalman}{section.4}% 11
\BOOKMARK [1][-]{section.5}{Choix des hyper-param\350tres}{}% 12
\BOOKMARK [1][-]{section.6}{R\351sultats et interpr\351tations \205 singleball.mp4}{}% 13
\BOOKMARK [2][-]{subsection.6.1}{R\351sultats avec \040dt = 1.2 \040s }{section.6}% 14
\BOOKMARK [2][-]{subsection.6.2}{R\351sultats avec \040dt = 1/30 \040s \040et ajustements de la vitesse et de l'acc\351l\351ration}{section.6}% 15
\BOOKMARK [1][-]{section.7}{Bibliographie}{}% 16
\BOOKMARK [1][-]{section.8}{Annexes}{}% 17
\BOOKMARK [2][-]{subsection.8.1}{ProjetTSA.m}{section.8}% 18
\BOOKMARK [2][-]{subsection.8.2}{trackingObjet.m}{section.8}% 19
\BOOKMARK [2][-]{subsection.8.3}{kalmanFilter.m}{section.8}% 20
\BOOKMARK [2][-]{subsection.8.4}{kalmanFilterAjustementsVitesseAcceleration.m}{section.8}% 21
\BOOKMARK [2][-]{subsection.8.5}{kalmanFilterForTracking.m}{section.8}% 22
