\BOOKMARK [1][-]{section.1}{Introduction}{}% 1
\BOOKMARK [1][-]{section.2}{R\351sum\351 des s\351ances}{}% 2
\BOOKMARK [2][-]{subsection.2.1}{D\351roulement du projet}{section.2}% 3
\BOOKMARK [2][-]{subsection.2.2}{Choix des conventions de nommage dans les .c et .h}{section.2}% 4
\BOOKMARK [1][-]{section.3}{Choix de la structure de donn\351e du Dictionnaire}{}% 5
\BOOKMARK [2][-]{subsection.3.1}{Choix possibles}{section.3}% 6
\BOOKMARK [3][-]{subsubsection.3.1.1}{Tableau}{subsection.3.1}% 7
\BOOKMARK [3][-]{subsubsection.3.1.2}{Arbre binaire de recherche}{subsection.3.1}% 8
\BOOKMARK [3][-]{subsubsection.3.1.3}{Arbre n-aire}{subsection.3.1}% 9
\BOOKMARK [3][-]{subsubsection.3.1.4}{Choix final}{subsection.3.1}% 10
\BOOKMARK [1][-]{section.4}{Explication du Type Dictionnaire}{}% 11
\BOOKMARK [1][-]{section.5}{Analyse}{}% 12
\BOOKMARK [2][-]{subsection.5.1}{Types Abstraits de Donn\351es \(TAD\)}{section.5}% 13
\BOOKMARK [3][-]{subsubsection.5.1.1}{TAD Mot}{subsection.5.1}% 14
\BOOKMARK [3][-]{subsubsection.5.1.2}{TAD Dictionnaire}{subsection.5.1}% 15
\BOOKMARK [3][-]{subsubsection.5.1.3}{TAD CorrecteurOrthographique}{subsection.5.1}% 16
\BOOKMARK [3][-]{subsubsection.5.1.4}{TAD Arbre n-aire}{subsection.5.1}% 17
\BOOKMARK [2][-]{subsection.5.2}{Analyse descendante}{section.5}% 18
\BOOKMARK [1][-]{section.6}{Conception pr\351liminaire}{}% 19
\BOOKMARK [2][-]{subsection.6.1}{Signatures li\351es au TAD Mot}{section.6}% 20
\BOOKMARK [2][-]{subsection.6.2}{Signatures li\351es au TAD Dictionnaire}{section.6}% 21
\BOOKMARK [2][-]{subsection.6.3}{Signatures li\351es au TAD CorrecteurOrthographique}{section.6}% 22
\BOOKMARK [2][-]{subsection.6.4}{Signatures li\351es au TAD Arbre n-aire}{section.6}% 23
\BOOKMARK [2][-]{subsection.6.5}{Signatures des proc\351dures d'affichage}{section.6}% 24
\BOOKMARK [2][-]{subsection.6.6}{Signatures des proc\351dures priv\351es du main}{section.6}% 25
\BOOKMARK [2][-]{subsection.6.7}{Signatures li\351es au TAD Fichier Texte donn\351 dans le sujet}{section.6}% 26
\BOOKMARK [1][-]{section.7}{Conception d\351taill\351e}{}% 27
\BOOKMARK [2][-]{subsection.7.1}{Fonctions et proc\351dures li\351es au TAD Mot}{section.7}% 28
\BOOKMARK [3][-]{subsubsection.7.1.1}{Partie Priv\351e}{subsection.7.1}% 29
\BOOKMARK [3][-]{subsubsection.7.1.2}{Partie Publique}{subsection.7.1}% 30
\BOOKMARK [2][-]{subsection.7.2}{Fonctions et proc\351dures li\351es au TAD Dictionnaire}{section.7}% 31
\BOOKMARK [3][-]{subsubsection.7.2.1}{Partie Priv\351e}{subsection.7.2}% 32
\BOOKMARK [3][-]{subsubsection.7.2.2}{Partie publique}{subsection.7.2}% 33
\BOOKMARK [2][-]{subsection.7.3}{Fonctions et proc\351dures li\351es au TAD CorrecteurOrthographique}{section.7}% 34
\BOOKMARK [3][-]{subsubsection.7.3.1}{Partie priv\351e}{subsection.7.3}% 35
\BOOKMARK [3][-]{subsubsection.7.3.2}{Partie Publique}{subsection.7.3}% 36
\BOOKMARK [2][-]{subsection.7.4}{Fonctions et proc\351dures li\351es au TAD ArbreN}{section.7}% 37
\BOOKMARK [2][-]{subsection.7.5}{Proc\351dures d'affichage}{section.7}% 38
\BOOKMARK [3][-]{subsubsection.7.5.1}{Partie priv\351e}{subsection.7.5}% 39
\BOOKMARK [3][-]{subsubsection.7.5.2}{Partie publique}{subsection.7.5}% 40
\BOOKMARK [2][-]{subsection.7.6}{Proc\351dures priv\351es du main}{section.7}% 41
\BOOKMARK [1][-]{section.8}{Code C}{}% 42
\BOOKMARK [2][-]{subsection.8.1}{mot.h}{section.8}% 43
\BOOKMARK [2][-]{subsection.8.2}{mot.c}{section.8}% 44
\BOOKMARK [2][-]{subsection.8.3}{dictionnaire.h}{section.8}% 45
\BOOKMARK [2][-]{subsection.8.4}{dictionnaire.c}{section.8}% 46
\BOOKMARK [2][-]{subsection.8.5}{correcteurOrthographique.h}{section.8}% 47
\BOOKMARK [2][-]{subsection.8.6}{correcteurOrthographique.c}{section.8}% 48
\BOOKMARK [2][-]{subsection.8.7}{arbreN.h}{section.8}% 49
\BOOKMARK [2][-]{subsection.8.8}{arbreN.c}{section.8}% 50
\BOOKMARK [2][-]{subsection.8.9}{ensemble.h}{section.8}% 51
\BOOKMARK [2][-]{subsection.8.10}{ensemble.c}{section.8}% 52
\BOOKMARK [2][-]{subsection.8.11}{listeChaineeMot.h}{section.8}% 53
\BOOKMARK [2][-]{subsection.8.12}{listeChaineeMot.c}{section.8}% 54
\BOOKMARK [2][-]{subsection.8.13}{affichages.h}{section.8}% 55
\BOOKMARK [2][-]{subsection.8.14}{affichages.c}{section.8}% 56
\BOOKMARK [2][-]{subsection.8.15}{existeFichier.h}{section.8}% 57
\BOOKMARK [2][-]{subsection.8.16}{existeFichier.c}{section.8}% 58
\BOOKMARK [2][-]{subsection.8.17}{main.c}{section.8}% 59
\BOOKMARK [1][-]{section.9}{Tests unitaires}{}% 60
\BOOKMARK [2][-]{subsection.9.1}{motTU.c}{section.9}% 61
\BOOKMARK [2][-]{subsection.9.2}{dictionnaireTU.c}{section.9}% 62
\BOOKMARK [2][-]{subsection.9.3}{correcteurOrthographiqueTU.c}{section.9}% 63
\BOOKMARK [2][-]{subsection.9.4}{arbreNTU.c}{section.9}% 64
\BOOKMARK [2][-]{subsection.9.5}{ensembleTU.c}{section.9}% 65
\BOOKMARK [2][-]{subsection.9.6}{listeChaineeMotTU.c}{section.9}% 66
\BOOKMARK [1][-]{section.10}{Conclusion}{}% 67
\BOOKMARK [2][-]{subsection.10.1}{Conclusion g\351n\351rale}{section.10}% 68
\BOOKMARK [2][-]{subsection.10.2}{Conclusions personnelles}{section.10}% 69
\BOOKMARK [3][-]{subsubsection.10.2.1}{Dounia BOUTAYEB}{subsection.10.2}% 70
\BOOKMARK [3][-]{subsubsection.10.2.2}{Thibault SAURON}{subsection.10.2}% 71
\BOOKMARK [3][-]{subsubsection.10.2.3}{Matthias SESBO\334\311}{subsection.10.2}% 72
\BOOKMARK [3][-]{subsubsection.10.2.4}{Damien TOOMEY}{subsection.10.2}% 73
\BOOKMARK [1][-]{section.11}{R\351partition du travail}{}% 74
\BOOKMARK [2][-]{subsection.11.1}{R\351partition g\351n\351rale}{section.11}% 75
\BOOKMARK [2][-]{subsection.11.2}{Travaux communs}{section.11}% 76
